{"recorder_version":"31","session":"c6edaf2a2cd5","build":"193.7288.28","bucket":"122","time":1611590633444,"group":{"id":"settings","version":"4"},"event":{"state":true,"data":{"component":"NotRoamableUiSettings","created":1611590635503},"id":"invoked"}}
{"recorder_version":"31","session":"c6edaf2a2cd5","build":"193.7288.28","bucket":"122","time":1611590633444,"group":{"id":"settings","version":"4"},"event":{"state":true,"data":{"component":"UISettings","created":1611590635505},"id":"invoked"}}
{"recorder_version":"31","session":"c6edaf2a2cd5","build":"193.7288.28","bucket":"122","time":1611590633517,"group":{"id":"system.java","version":"1"},"event":{"state":true,"data":{"created":1611590635522,"version":"validation.undefined_rule"},"id":"validation.undefined_rule"}}
{"recorder_version":"31","session":"c6edaf2a2cd5","build":"193.7288.28","bucket":"122","time":1611590633517,"group":{"id":"system.java","version":"1"},"event":{"state":true,"data":{"created":1611590635522},"id":"invoked"}}
{"recorder_version":"31","session":"c6edaf2a2cd5","build":"193.7288.28","bucket":"122","time":1611590633913,"group":{"id":"system.os","version":"3"},"event":{"state":true,"data":{"created":1611590635523,"version":"10.0"},"id":"Windows"}}
{"recorder_version":"31","session":"c6edaf2a2cd5","build":"193.7288.28","bucket":"122","time":1611590633913,"group":{"id":"system.os","version":"3"},"event":{"state":true,"data":{"created":1611590635523,"name":"Windows","version":"10.0"},"id":"os.name"}}
{"recorder_version":"31","session":"c6edaf2a2cd5","build":"193.7288.28","bucket":"122","time":1611590633913,"group":{"id":"system.os","version":"3"},"event":{"state":true,"data":{"created":1611590635524,"value":"+08_00"},"id":"os.timezone"}}
{"recorder_version":"31","session":"c6edaf2a2cd5","build":"193.7288.28","bucket":"122","time":1611590633913,"group":{"id":"system.os","version":"3"},"event":{"state":true,"data":{"created":1611590635524},"id":"invoked"}}
{"recorder_version":"31","session":"c6edaf2a2cd5","build":"193.7288.28","bucket":"122","time":1611590634699,"group":{"id":"settings","version":"4"},"event":{"state":true,"data":{"component":"UpdatesConfigurable","created":1611590635524,"name":"lastTimeChecked","type":"int","value":1611383942076},"id":"not.default"}}
{"recorder_version":"31","session":"c6edaf2a2cd5","build":"193.7288.28","bucket":"122","time":1611590634699,"group":{"id":"settings","version":"4"},"event":{"state":true,"data":{"component":"UpdatesConfigurable","created":1611590635524},"id":"invoked"}}
{"recorder_version":"31","session":"c6edaf2a2cd5","build":"193.7288.28","bucket":"122","time":1611590635188,"group":{"id":"performance","version":"31"},"event":{"count":1,"data":{"duration_ms":2388,"created":1611590635525},"id":"ui.latency"}}
{"recorder_version":"31","session":"c6edaf2a2cd5","build":"193.7288.28","bucket":"122","time":1611590635188,"group":{"id":"performance","version":"31"},"event":{"count":1,"data":{"duration_ms":2388,"created":1611590635525},"id":"ui.lagging"}}
{"recorder_version":"31","session":"c6edaf2a2cd5","build":"193.7288.28","bucket":"122","time":1611590635188,"group":{"id":"performance","version":"31"},"event":{"count":1,"data":{"duration_ms":1833,"created":1611590635525},"id":"ui.lagging"}}
{"recorder_version":"31","session":"c6edaf2a2cd5","build":"193.7288.28","bucket":"122","time":1611590635207,"group":{"id":"performance","version":"31"},"event":{"count":1,"data":{"duration_ms":850,"created":1611590635525},"id":"ui.lagging"}}
{"recorder_version":"31","session":"c6edaf2a2cd5","build":"193.7288.28","bucket":"122","time":1611590635503,"group":{"id":"event.log","version":"31"},"event":{"count":1,"data":{"created":1611590635525,"version":"1676.0"},"id":"whitelist.loaded"}}
{"recorder_version":"31","session":"c6edaf2a2cd5","build":"193.7288.28","bucket":"122","time":1611590635953,"group":{"id":"settings","version":"4"},"event":{"state":true,"data":{"component":"GeneralSettings","created":1611590635954,"name":"showTipsOnStartup","type":"bool","value":false},"id":"not.default"}}
{"recorder_version":"31","session":"c6edaf2a2cd5","build":"193.7288.28","bucket":"122","time":1611590635953,"group":{"id":"settings","version":"4"},"event":{"state":true,"data":{"component":"GeneralSettings","created":1611590635954,"name":"useSafeWrite","type":"bool","value":false},"id":"not.default"}}
{"recorder_version":"31","session":"c6edaf2a2cd5","build":"193.7288.28","bucket":"122","time":1611590635953,"group":{"id":"settings","version":"4"},"event":{"state":true,"data":{"component":"GeneralSettings","created":1611590635955},"id":"invoked"}}
{"recorder_version":"31","session":"c6edaf2a2cd5","build":"193.7288.28","bucket":"122","time":1611590636038,"group":{"id":"lifecycle","version":"31"},"event":{"count":1,"data":{"eap":false,"created":1611590636038},"id":"ide.start"}}
{"recorder_version":"31","session":"c6edaf2a2cd5","build":"193.7288.28","bucket":"122","time":1611590636560,"group":{"id":"performance","version":"31"},"event":{"count":1,"data":{"duration_ms":182,"created":1611590636560},"id":"ui.lagging"}}
{"recorder_version":"31","session":"c6edaf2a2cd5","build":"193.7288.28","bucket":"122","time":1611590636825,"group":{"id":"settings","version":"4"},"event":{"state":true,"data":{"component":"XmlEditorOptions","created":1611590636825},"id":"invoked"}}
{"recorder_version":"31","session":"c6edaf2a2cd5","build":"193.7288.28","bucket":"122","time":1611590640620,"group":{"id":"performance","version":"31"},"event":{"count":1,"data":{"duration_ms":3241,"created":1611590640620},"id":"ui.lagging"}}
{"recorder_version":"31","session":"c6edaf2a2cd5","build":"193.7288.28","bucket":"122","time":1611590640620,"group":{"id":"performance","version":"31"},"event":{"count":1,"data":{"duration_ms":2240,"created":1611590640621},"id":"ui.lagging"}}
{"recorder_version":"31","session":"c6edaf2a2cd5","build":"193.7288.28","bucket":"122","time":1611590640820,"group":{"id":"performance","version":"31"},"event":{"count":1,"data":{"duration_ms":1438,"created":1611590640820},"id":"ui.lagging"}}
{"recorder_version":"31","session":"c6edaf2a2cd5","build":"193.7288.28","bucket":"122","time":1611590640826,"group":{"id":"performance","version":"31"},"event":{"count":1,"data":{"duration_ms":444,"created":1611590640826},"id":"ui.lagging"}}
{"recorder_version":"31","session":"c6edaf2a2cd5","build":"193.7288.28","bucket":"122","time":1611590641264,"group":{"id":"ui.dialogs","version":"31"},"event":{"count":1,"data":{"created":1611590641346,"plugin_type":"PLATFORM","dialog_class":"com.intellij.openapi.progress.util.ProgressDialog$MyDialogWrapper"},"id":"show"}}
{"recorder_version":"31","session":"c6edaf2a2cd5","build":"193.7288.28","bucket":"122","time":1611590641641,"group":{"id":"performance","version":"31"},"event":{"count":1,"data":{"duration_ms":258,"created":1611590641641},"id":"ui.lagging"}}
{"recorder_version":"31","session":"c6edaf2a2cd5","build":"193.7288.28","bucket":"122","time":1611590642261,"group":{"id":"settings","version":"4"},"event":{"state":true,"data":{"component":"VcsApplicationSettings","created":1611590642261},"id":"invoked"}}
{"recorder_version":"31","session":"c6edaf2a2cd5","build":"193.7288.28","bucket":"122","time":1611590646492,"group":{"id":"lifecycle","version":"31"},"event":{"count":1,"data":{"created":1611590646492,"project":"f9fc5216e42482eee5d3a02ac7a21d0d863b66de4571a9f010f67541936cbfea"},"id":"project.opened"}}
{"recorder_version":"31","session":"c6edaf2a2cd5","build":"193.7288.28","bucket":"122","time":1611590648212,"group":{"id":"performance","version":"31"},"event":{"count":1,"data":{"duration_ms":1826,"created":1611590648212},"id":"ui.lagging"}}
{"recorder_version":"31","session":"c6edaf2a2cd5","build":"193.7288.28","bucket":"122","time":1611590648224,"group":{"id":"performance","version":"31"},"event":{"count":1,"data":{"duration_ms":837,"created":1611590648224},"id":"ui.lagging"}}
{"recorder_version":"31","session":"c6edaf2a2cd5","build":"193.7288.28","bucket":"122","time":1611590649119,"group":{"id":"toolwindow","version":"31"},"event":{"count":1,"data":{"ViewMode":"Dock_Pinned","created":1611590649119,"plugin_type":"PLATFORM","id":"Project","Location":"Left_Top"},"id":"activated"}}
{"recorder_version":"31","session":"c6edaf2a2cd5","build":"193.7288.28","bucket":"122","time":1611590652521,"group":{"id":"toolwindow","version":"31"},"event":{"count":1,"data":{"plugin":"org.jetbrains.plugins.terminal","ViewMode":"Dock_Pinned","created":1611590652525,"plugin_type":"JB_BUNDLED","id":"Terminal","Location":"Bottom_Left"},"id":"activated"}}
{"recorder_version":"31","session":"c6edaf2a2cd5","build":"193.7288.28","bucket":"122","time":1611590652908,"group":{"id":"performance","version":"31"},"event":{"count":1,"data":{"duration_ms":3519,"created":1611590652909},"id":"ui.lagging"}}
{"recorder_version":"31","session":"c6edaf2a2cd5","build":"193.7288.28","bucket":"122","time":1611590652910,"group":{"id":"performance","version":"31"},"event":{"count":1,"data":{"duration_ms":2520,"created":1611590652910},"id":"ui.lagging"}}
{"recorder_version":"31","session":"c6edaf2a2cd5","build":"193.7288.28","bucket":"122","time":1611590652912,"group":{"id":"performance","version":"31"},"event":{"count":1,"data":{"duration_ms":1522,"created":1611590652912},"id":"ui.lagging"}}
{"recorder_version":"31","session":"c6edaf2a2cd5","build":"193.7288.28","bucket":"122","time":1611590652912,"group":{"id":"performance","version":"31"},"event":{"count":1,"data":{"duration_ms":521,"created":1611590652913},"id":"ui.lagging"}}
{"recorder_version":"31","session":"c6edaf2a2cd5","build":"193.7288.28","bucket":"122","time":1611590653097,"group":{"id":"ide.self.update","version":"2"},"event":{"count":1,"data":{"created":1611590653097},"id":"notification.shown"}}
{"recorder_version":"31","session":"c6edaf2a2cd5","build":"193.7288.28","bucket":"122","time":1611590653505,"group":{"id":"indexing","version":"2"},"event":{"count":1,"data":{"ide_activity_id":1,"created":1611590653506,"project":"f9fc5216e42482eee5d3a02ac7a21d0d863b66de4571a9f010f67541936cbfea"},"id":"started"}}
{"recorder_version":"31","session":"c6edaf2a2cd5","build":"193.7288.28","bucket":"122","time":1611590653516,"group":{"id":"performance","version":"31"},"event":{"count":1,"data":{"duration_ms":124,"created":1611590653516},"id":"ui.lagging"}}
{"recorder_version":"31","session":"c6edaf2a2cd5","build":"193.7288.28","bucket":"122","time":1611590653544,"group":{"id":"indexing","version":"2"},"event":{"count":1,"data":{"ide_activity_id":1,"stage_class":"com.intellij.util.indexing.UnindexedFilesUpdater","created":1611590653544,"plugin_type":"PLATFORM"},"id":"stage"}}
{"recorder_version":"31","session":"c6edaf2a2cd5","build":"193.7288.28","bucket":"122","time":1611590653548,"group":{"id":"project.fs","version":"1"},"event":{"state":true,"data":{"os":"Windows","cs-project":false,"created":1611590653548,"project":"f9fc5216e42482eee5d3a02ac7a21d0d863b66de4571a9f010f67541936cbfea","cs-implicit":true,"cs-system":false},"id":"case-sensitivity"}}
{"recorder_version":"31","session":"c6edaf2a2cd5","build":"193.7288.28","bucket":"122","time":1611590653548,"group":{"id":"project.fs","version":"1"},"event":{"state":true,"data":{"created":1611590653548},"id":"invoked"}}
{"recorder_version":"31","session":"c6edaf2a2cd5","build":"193.7288.28","bucket":"122","time":1611590653549,"group":{"id":"project.fs","version":"1"},"event":{"state":true,"data":{"pct-non-watched":0,"created":1611590653549,"project":"f9fc5216e42482eee5d3a02ac7a21d0d863b66de4571a9f010f67541936cbfea"},"id":"roots-watched"}}
{"recorder_version":"31","session":"c6edaf2a2cd5","build":"193.7288.28","bucket":"122","time":1611590653549,"group":{"id":"project.fs","version":"1"},"event":{"state":true,"data":{"created":1611590653549},"id":"invoked"}}
{"recorder_version":"31","session":"c6edaf2a2cd5","build":"193.7288.28","bucket":"122","time":1611590653808,"group":{"id":"ui.dialogs","version":"31"},"event":{"count":1,"data":{"code":1,"created":1611590653808,"plugin_type":"PLATFORM","dialog_class":"com.intellij.openapi.progress.util.ProgressDialog$MyDialogWrapper"},"id":"close"}}
{"recorder_version":"31","session":"c6edaf2a2cd5","build":"193.7288.28","bucket":"122","time":1611590653926,"group":{"id":"terminalShell","version":"1"},"event":{"count":1,"data":{"os-version":"10.0","os":"Windows","shell":"cmd","created":1611590653927,"project":"f9fc5216e42482eee5d3a02ac7a21d0d863b66de4571a9f010f67541936cbfea"},"id":"local.exec"}}
{"recorder_version":"31","session":"c6edaf2a2cd5","build":"193.7288.28","bucket":"122","time":1611590654301,"group":{"id":"lifecycle","version":"31"},"event":{"count":1,"data":{"duration_ms":17319,"created":1611590654301,"project":"f9fc5216e42482eee5d3a02ac7a21d0d863b66de4571a9f010f67541936cbfea"},"id":"project.opening.finished"}}
{"recorder_version":"31","session":"c6edaf2a2cd5","build":"193.7288.28","bucket":"122","time":1611590656787,"group":{"id":"indexing","version":"2"},"event":{"count":1,"data":{"duration_ms":3282,"ide_activity_id":1,"created":1611590656787},"id":"finished"}}
{"recorder_version":"31","session":"c6edaf2a2cd5","build":"193.7288.28","bucket":"122","time":1611590677460,"group":{"id":"startup","version":"1"},"event":{"count":1,"data":{"duration":5438,"created":1611590677460},"id":"appInit"}}
{"recorder_version":"31","session":"c6edaf2a2cd5","build":"193.7288.28","bucket":"122","time":1611590677460,"group":{"id":"startup","version":"1"},"event":{"count":1,"data":{"duration":2389,"created":1611590677460},"id":"splash"}}
{"recorder_version":"31","session":"c6edaf2a2cd5","build":"193.7288.28","bucket":"122","time":1611590677460,"group":{"id":"startup","version":"1"},"event":{"count":1,"data":{"duration":272,"created":1611590677460},"id":"bootstrap"}}
{"recorder_version":"31","session":"c6edaf2a2cd5","build":"193.7288.28","bucket":"122","time":1611590677460,"group":{"id":"startup","version":"1"},"event":{"count":1,"data":{"duration":26964,"created":1611590677460},"id":"totalDuration"}}
{"recorder_version":"31","session":"c6edaf2a2cd5","build":"193.7288.28","bucket":"122","time":1611590735469,"group":{"id":"performance","version":"31"},"event":{"count":1,"data":{"duration_ms":0,"created":1611590735469},"id":"ui.latency"}}
{"recorder_version":"31","session":"c6edaf2a2cd5","build":"193.7288.28","bucket":"122","time":1611590823543,"group":{"id":"lifecycle","version":"31"},"event":{"count":1,"data":{"created":1611590823543,"project":"f9fc5216e42482eee5d3a02ac7a21d0d863b66de4571a9f010f67541936cbfea"},"id":"frame.activated"}}
{"recorder_version":"31","session":"c6edaf2a2cd5","build":"193.7288.28","bucket":"122","time":1611590823910,"group":{"id":"performance","version":"31"},"event":{"count":1,"data":{"duration_ms":362,"created":1611590823910},"id":"ui.lagging"}}
{"recorder_version":"31","session":"c6edaf2a2cd5","build":"193.7288.28","bucket":"122","time":1611590825265,"group":{"id":"event.log","version":"31"},"event":{"count":1,"data":{"created":1611590825266,"version":"1696.0"},"id":"whitelist.updated"}}
{"recorder_version":"31","session":"c6edaf2a2cd5","build":"193.7288.28","bucket":"122","time":1611590825832,"group":{"id":"toolwindow","version":"31"},"event":{"count":1,"data":{"ViewMode":"Dock_Pinned","created":1611590825833,"plugin_type":"PLATFORM","id":"Project","Location":"Left_Top"},"id":"activated"}}
{"recorder_version":"31","session":"c6edaf2a2cd5","build":"193.7288.28","bucket":"122","time":1611590830106,"group":{"id":"ui.dialogs","version":"31"},"event":{"count":1,"data":{"created":1611590830106,"plugin_type":"PLATFORM","dialog_class":"com.intellij.openapi.ui.messages.MessageDialog"},"id":"show"}}
{"recorder_version":"31","session":"c6edaf2a2cd5","build":"193.7288.28","bucket":"122","time":1611590831585,"group":{"id":"lifecycle","version":"31"},"event":{"count":1,"data":{"restart":false,"created":1611590831585},"id":"ide.close"}}
{"recorder_version":"31","session":"c6edaf2a2cd5","build":"193.7288.28","bucket":"122","time":1611590832031,"group":{"id":"ui.dialogs","version":"31"},"event":{"count":1,"data":{"created":1611590832031,"plugin_type":"PLATFORM","dialog_class":"com.intellij.openapi.progress.util.ProgressDialog$MyDialogWrapper"},"id":"show"}}
{"recorder_version":"31","session":"c6edaf2a2cd5","build":"193.7288.28","bucket":"122","time":1611590832110,"group":{"id":"ui.dialogs","version":"31"},"event":{"count":1,"data":{"code":1,"created":1611590832110,"plugin_type":"PLATFORM","dialog_class":"com.intellij.openapi.progress.util.ProgressDialog$MyDialogWrapper"},"id":"close"}}
{"recorder_version":"31","session":"c6edaf2a2cd5","build":"193.7288.28","bucket":"122","time":1611590832115,"group":{"id":"lifecycle","version":"31"},"event":{"count":1,"data":{"created":1611590832115,"project":"f9fc5216e42482eee5d3a02ac7a21d0d863b66de4571a9f010f67541936cbfea"},"id":"project.closed"}}
