{"recorder_version":"31","session":"51af8a5c0706","build":"193.7288.28","bucket":"122","time":1610602731289,"group":{"id":"settings","version":"4"},"event":{"state":true,"data":{"component":"NotRoamableUiSettings","created":1610602732766},"id":"invoked"}}
{"recorder_version":"31","session":"51af8a5c0706","build":"193.7288.28","bucket":"122","time":1610602731289,"group":{"id":"settings","version":"4"},"event":{"state":true,"data":{"component":"UISettings","created":1610602732803},"id":"invoked"}}
{"recorder_version":"31","session":"51af8a5c0706","build":"193.7288.28","bucket":"122","time":1610602731366,"group":{"id":"system.java","version":"1"},"event":{"state":true,"data":{"created":1610602732820,"version":"validation.undefined_rule"},"id":"validation.undefined_rule"}}
{"recorder_version":"31","session":"51af8a5c0706","build":"193.7288.28","bucket":"122","time":1610602731366,"group":{"id":"system.java","version":"1"},"event":{"state":true,"data":{"created":1610602732820},"id":"invoked"}}
{"recorder_version":"31","session":"51af8a5c0706","build":"193.7288.28","bucket":"122","time":1610602731555,"group":{"id":"system.os","version":"3"},"event":{"state":true,"data":{"created":1610602732820,"version":"10.0"},"id":"Windows"}}
{"recorder_version":"31","session":"51af8a5c0706","build":"193.7288.28","bucket":"122","time":1610602731555,"group":{"id":"system.os","version":"3"},"event":{"state":true,"data":{"created":1610602732821,"name":"Windows","version":"10.0"},"id":"os.name"}}
{"recorder_version":"31","session":"51af8a5c0706","build":"193.7288.28","bucket":"122","time":1610602731555,"group":{"id":"system.os","version":"3"},"event":{"state":true,"data":{"created":1610602732821,"value":"+08_00"},"id":"os.timezone"}}
{"recorder_version":"31","session":"51af8a5c0706","build":"193.7288.28","bucket":"122","time":1610602731555,"group":{"id":"system.os","version":"3"},"event":{"state":true,"data":{"created":1610602732821},"id":"invoked"}}
{"recorder_version":"31","session":"51af8a5c0706","build":"193.7288.28","bucket":"122","time":1610602732318,"group":{"id":"settings","version":"4"},"event":{"state":true,"data":{"component":"UpdatesConfigurable","created":1610602732821,"name":"lastTimeChecked","type":"int","value":1609766194669},"id":"not.default"}}
{"recorder_version":"31","session":"51af8a5c0706","build":"193.7288.28","bucket":"122","time":1610602732319,"group":{"id":"settings","version":"4"},"event":{"state":true,"data":{"component":"UpdatesConfigurable","created":1610602732821},"id":"invoked"}}
{"recorder_version":"31","session":"51af8a5c0706","build":"193.7288.28","bucket":"122","time":1610602732663,"group":{"id":"performance","version":"31"},"event":{"count":1,"data":{"duration_ms":1482,"created":1610602732821},"id":"ui.latency"}}
{"recorder_version":"31","session":"51af8a5c0706","build":"193.7288.28","bucket":"122","time":1610602732663,"group":{"id":"performance","version":"31"},"event":{"count":1,"data":{"duration_ms":1482,"created":1610602732821},"id":"ui.lagging"}}
{"recorder_version":"31","session":"51af8a5c0706","build":"193.7288.28","bucket":"122","time":1610602732664,"group":{"id":"performance","version":"31"},"event":{"count":1,"data":{"duration_ms":598,"created":1610602732822},"id":"ui.lagging"}}
{"recorder_version":"31","session":"51af8a5c0706","build":"193.7288.28","bucket":"122","time":1610602732766,"group":{"id":"event.log","version":"31"},"event":{"count":1,"data":{"created":1610602732822,"version":"1665.0"},"id":"whitelist.loaded"}}
{"recorder_version":"31","session":"51af8a5c0706","build":"193.7288.28","bucket":"122","time":1610602732880,"group":{"id":"lifecycle","version":"31"},"event":{"count":1,"data":{"eap":false,"created":1610602732880},"id":"ide.start"}}
{"recorder_version":"31","session":"51af8a5c0706","build":"193.7288.28","bucket":"122","time":1610602733254,"group":{"id":"settings","version":"4"},"event":{"state":true,"data":{"component":"GeneralSettings","created":1610602733254,"name":"showTipsOnStartup","type":"bool","value":false},"id":"not.default"}}
{"recorder_version":"31","session":"51af8a5c0706","build":"193.7288.28","bucket":"122","time":1610602733254,"group":{"id":"settings","version":"4"},"event":{"state":true,"data":{"component":"GeneralSettings","created":1610602733255,"name":"useSafeWrite","type":"bool","value":false},"id":"not.default"}}
{"recorder_version":"31","session":"51af8a5c0706","build":"193.7288.28","bucket":"122","time":1610602733254,"group":{"id":"settings","version":"4"},"event":{"state":true,"data":{"component":"GeneralSettings","created":1610602733255},"id":"invoked"}}
{"recorder_version":"31","session":"51af8a5c0706","build":"193.7288.28","bucket":"122","time":1610602733483,"group":{"id":"performance","version":"31"},"event":{"count":1,"data":{"duration_ms":416,"created":1610602733483},"id":"ui.lagging"}}
{"recorder_version":"31","session":"51af8a5c0706","build":"193.7288.28","bucket":"122","time":1610602733958,"group":{"id":"settings","version":"4"},"event":{"state":true,"data":{"component":"XmlEditorOptions","created":1610602733958},"id":"invoked"}}
{"recorder_version":"31","session":"51af8a5c0706","build":"193.7288.28","bucket":"122","time":1610602736508,"group":{"id":"ui.dialogs","version":"31"},"event":{"count":1,"data":{"created":1610602736555,"plugin_type":"PLATFORM","dialog_class":"com.intellij.openapi.progress.util.ProgressDialog$MyDialogWrapper"},"id":"show"}}
{"recorder_version":"31","session":"51af8a5c0706","build":"193.7288.28","bucket":"122","time":1610602736660,"group":{"id":"performance","version":"31"},"event":{"count":1,"data":{"duration_ms":2592,"created":1610602736660},"id":"ui.lagging"}}
{"recorder_version":"31","session":"51af8a5c0706","build":"193.7288.28","bucket":"122","time":1610602736926,"group":{"id":"performance","version":"31"},"event":{"count":1,"data":{"duration_ms":1856,"created":1610602736926},"id":"ui.lagging"}}
{"recorder_version":"31","session":"51af8a5c0706","build":"193.7288.28","bucket":"122","time":1610602736930,"group":{"id":"performance","version":"31"},"event":{"count":1,"data":{"duration_ms":858,"created":1610602736930},"id":"ui.lagging"}}
{"recorder_version":"31","session":"51af8a5c0706","build":"193.7288.28","bucket":"122","time":1610602737836,"group":{"id":"settings","version":"4"},"event":{"state":true,"data":{"component":"VcsApplicationSettings","created":1610602737836},"id":"invoked"}}
{"recorder_version":"31","session":"51af8a5c0706","build":"193.7288.28","bucket":"122","time":1610602740977,"group":{"id":"performance","version":"31"},"event":{"count":1,"data":{"duration_ms":903,"created":1610602740977},"id":"ui.lagging"}}
{"recorder_version":"31","session":"51af8a5c0706","build":"193.7288.28","bucket":"122","time":1610602741771,"group":{"id":"performance","version":"31"},"event":{"count":1,"data":{"duration_ms":696,"created":1610602741771},"id":"ui.lagging"}}
{"recorder_version":"31","session":"51af8a5c0706","build":"193.7288.28","bucket":"122","time":1610602741803,"group":{"id":"lifecycle","version":"31"},"event":{"count":1,"data":{"created":1610602741803,"project":"f9fc5216e42482eee5d3a02ac7a21d0d863b66de4571a9f010f67541936cbfea"},"id":"project.opened"}}
{"recorder_version":"31","session":"51af8a5c0706","build":"193.7288.28","bucket":"122","time":1610602742511,"group":{"id":"performance","version":"31"},"event":{"count":1,"data":{"duration_ms":435,"created":1610602742512},"id":"ui.lagging"}}
{"recorder_version":"31","session":"51af8a5c0706","build":"193.7288.28","bucket":"122","time":1610602743026,"group":{"id":"indexing","version":"2"},"event":{"count":1,"data":{"ide_activity_id":1,"created":1610602743026,"project":"f9fc5216e42482eee5d3a02ac7a21d0d863b66de4571a9f010f67541936cbfea"},"id":"started"}}
{"recorder_version":"31","session":"51af8a5c0706","build":"193.7288.28","bucket":"122","time":1610602743595,"group":{"id":"indexing","version":"2"},"event":{"count":1,"data":{"ide_activity_id":1,"stage_class":"com.intellij.util.indexing.UnindexedFilesUpdater","created":1610602743595,"plugin_type":"PLATFORM"},"id":"stage"}}
{"recorder_version":"31","session":"51af8a5c0706","build":"193.7288.28","bucket":"122","time":1610602743596,"group":{"id":"performance","version":"31"},"event":{"count":1,"data":{"duration_ms":519,"created":1610602743596},"id":"ui.lagging"}}
{"recorder_version":"31","session":"51af8a5c0706","build":"193.7288.28","bucket":"122","time":1610602744400,"group":{"id":"indexing","version":"2"},"event":{"count":1,"data":{"ide_activity_id":1,"stage_class":"com.intellij.util.indexing.UnindexedFilesUpdater","created":1610602744400,"plugin_type":"PLATFORM"},"id":"stage"}}
{"recorder_version":"31","session":"51af8a5c0706","build":"193.7288.28","bucket":"122","time":1610602745185,"group":{"id":"ide.self.update","version":"2"},"event":{"count":1,"data":{"created":1610602745185},"id":"notification.shown"}}
{"recorder_version":"31","session":"51af8a5c0706","build":"193.7288.28","bucket":"122","time":1610602745519,"group":{"id":"toolwindow","version":"31"},"event":{"count":1,"data":{"ViewMode":"Dock_Pinned","created":1610602745520,"plugin_type":"PLATFORM","id":"Project","Location":"Left_Top"},"id":"activated"}}
{"recorder_version":"31","session":"51af8a5c0706","build":"193.7288.28","bucket":"122","time":1610602745726,"group":{"id":"project.fs","version":"1"},"event":{"state":true,"data":{"pct-non-watched":0,"created":1610602745726,"project":"f9fc5216e42482eee5d3a02ac7a21d0d863b66de4571a9f010f67541936cbfea"},"id":"roots-watched"}}
{"recorder_version":"31","session":"51af8a5c0706","build":"193.7288.28","bucket":"122","time":1610602745726,"group":{"id":"project.fs","version":"1"},"event":{"state":true,"data":{"created":1610602745726},"id":"invoked"}}
{"recorder_version":"31","session":"51af8a5c0706","build":"193.7288.28","bucket":"122","time":1610602746769,"group":{"id":"ui.dialogs","version":"31"},"event":{"count":1,"data":{"code":1,"created":1610602746769,"plugin_type":"PLATFORM","dialog_class":"com.intellij.openapi.progress.util.ProgressDialog$MyDialogWrapper"},"id":"close"}}
{"recorder_version":"31","session":"51af8a5c0706","build":"193.7288.28","bucket":"122","time":1610602746774,"group":{"id":"toolwindow","version":"31"},"event":{"count":1,"data":{"ViewMode":"Dock_Pinned","created":1610602746774,"plugin_type":"PLATFORM","id":"Project","Location":"Left_Top"},"id":"activated"}}
{"recorder_version":"31","session":"51af8a5c0706","build":"193.7288.28","bucket":"122","time":1610602746777,"group":{"id":"performance","version":"31"},"event":{"count":1,"data":{"duration_ms":696,"created":1610602746777},"id":"ui.lagging"}}
{"recorder_version":"31","session":"51af8a5c0706","build":"193.7288.28","bucket":"122","time":1610602748264,"group":{"id":"performance","version":"31"},"event":{"count":1,"data":{"duration_ms":1183,"created":1610602748264},"id":"ui.lagging"}}
{"recorder_version":"31","session":"51af8a5c0706","build":"193.7288.28","bucket":"122","time":1610602748270,"group":{"id":"performance","version":"31"},"event":{"count":1,"data":{"duration_ms":187,"created":1610602748270},"id":"ui.lagging"}}
{"recorder_version":"31","session":"51af8a5c0706","build":"193.7288.28","bucket":"122","time":1610602748275,"group":{"id":"lifecycle","version":"31"},"event":{"count":1,"data":{"duration_ms":14684,"created":1610602748275,"project":"f9fc5216e42482eee5d3a02ac7a21d0d863b66de4571a9f010f67541936cbfea"},"id":"project.opening.finished"}}
{"recorder_version":"31","session":"51af8a5c0706","build":"193.7288.28","bucket":"122","time":1610602749193,"group":{"id":"performance","version":"31"},"event":{"count":1,"data":{"duration_ms":109,"created":1610602749193},"id":"ui.lagging"}}
{"recorder_version":"31","session":"51af8a5c0706","build":"193.7288.28","bucket":"122","time":1610602749218,"group":{"id":"lifecycle","version":"31"},"event":{"count":1,"data":{"created":1610602749218,"project":"f9fc5216e42482eee5d3a02ac7a21d0d863b66de4571a9f010f67541936cbfea"},"id":"frame.activated"}}
{"recorder_version":"31","session":"51af8a5c0706","build":"193.7288.28","bucket":"122","time":1610602750234,"group":{"id":"performance","version":"31"},"event":{"count":1,"data":{"duration_ms":151,"created":1610602750234},"id":"ui.lagging"}}
{"recorder_version":"31","session":"51af8a5c0706","build":"193.7288.28","bucket":"122","time":1610602752315,"group":{"id":"performance","version":"31"},"event":{"count":1,"data":{"duration_ms":230,"created":1610602752315},"id":"ui.lagging"}}
{"recorder_version":"31","session":"51af8a5c0706","build":"193.7288.28","bucket":"122","time":1610602757423,"group":{"id":"startup","version":"1"},"event":{"count":1,"data":{"duration":3401,"created":1610602757423},"id":"appInit"}}
{"recorder_version":"31","session":"51af8a5c0706","build":"193.7288.28","bucket":"122","time":1610602757423,"group":{"id":"startup","version":"1"},"event":{"count":1,"data":{"duration":2915,"created":1610602757423},"id":"splash"}}
{"recorder_version":"31","session":"51af8a5c0706","build":"193.7288.28","bucket":"122","time":1610602757423,"group":{"id":"startup","version":"1"},"event":{"count":1,"data":{"duration":584,"created":1610602757424},"id":"bootstrap"}}
{"recorder_version":"31","session":"51af8a5c0706","build":"193.7288.28","bucket":"122","time":1610602757423,"group":{"id":"startup","version":"1"},"event":{"count":1,"data":{"duration":92583,"created":1610602757424},"id":"totalDuration"}}
{"recorder_version":"31","session":"51af8a5c0706","build":"193.7288.28","bucket":"122","time":1610602758672,"group":{"id":"indexing","version":"2"},"event":{"count":1,"data":{"duration_ms":15646,"ide_activity_id":1,"created":1610602758672},"id":"finished"}}
{"recorder_version":"31","session":"51af8a5c0706","build":"193.7288.28","bucket":"122","time":1610602759138,"group":{"id":"toolwindow","version":"31"},"event":{"count":2,"data":{"plugin":"org.jetbrains.plugins.terminal","last":1610602759494,"ViewMode":"Dock_Pinned","created":1610602759138,"plugin_type":"JB_BUNDLED","id":"Terminal","Location":"Bottom_Left"},"id":"activated"}}
{"recorder_version":"31","session":"51af8a5c0706","build":"193.7288.28","bucket":"122","time":1610602759538,"group":{"id":"terminalShell","version":"1"},"event":{"count":1,"data":{"os-version":"10.0","os":"Windows","shell":"cmd","created":1610602759538,"project":"f9fc5216e42482eee5d3a02ac7a21d0d863b66de4571a9f010f67541936cbfea"},"id":"local.exec"}}
{"recorder_version":"31","session":"51af8a5c0706","build":"193.7288.28","bucket":"122","time":1610602760243,"group":{"id":"performance","version":"31"},"event":{"count":1,"data":{"duration_ms":153,"created":1610602760243},"id":"ui.lagging"}}
{"recorder_version":"31","session":"51af8a5c0706","build":"193.7288.28","bucket":"122","time":1610602764894,"group":{"id":"lifecycle","version":"31"},"event":{"count":1,"data":{"created":1610602764894,"project":"f9fc5216e42482eee5d3a02ac7a21d0d863b66de4571a9f010f67541936cbfea"},"id":"frame.deactivated"}}
{"recorder_version":"31","session":"51af8a5c0706","build":"193.7288.28","bucket":"122","time":1610602765529,"group":{"id":"indexing","version":"2"},"event":{"count":1,"data":{"ide_activity_id":2,"created":1610602765529,"project":"f9fc5216e42482eee5d3a02ac7a21d0d863b66de4571a9f010f67541936cbfea"},"id":"started"}}
{"recorder_version":"31","session":"51af8a5c0706","build":"193.7288.28","bucket":"122","time":1610602765577,"group":{"id":"indexing","version":"2"},"event":{"count":1,"data":{"ide_activity_id":2,"stage_class":"com.intellij.openapi.roots.impl.PushedFilePropertiesUpdaterImpl$3","created":1610602765578,"plugin_type":"PLATFORM"},"id":"stage"}}
{"recorder_version":"31","session":"51af8a5c0706","build":"193.7288.28","bucket":"122","time":1610602765640,"group":{"id":"indexing","version":"2"},"event":{"count":1,"data":{"duration_ms":111,"ide_activity_id":2,"created":1610602765641},"id":"finished"}}
{"recorder_version":"31","session":"51af8a5c0706","build":"193.7288.28","bucket":"122","time":1610602784617,"group":{"id":"ui.dialogs","version":"31"},"event":{"count":1,"data":{"created":1610602784617,"plugin_type":"PLATFORM","dialog_class":"com.intellij.ide.EvaluationFeedbackRequestDialog"},"id":"show"}}
{"recorder_version":"31","session":"51af8a5c0706","build":"193.7288.28","bucket":"122","time":1610602784711,"group":{"id":"lifecycle","version":"31"},"event":{"count":1,"data":{"created":1610602784711,"project":"f9fc5216e42482eee5d3a02ac7a21d0d863b66de4571a9f010f67541936cbfea"},"id":"frame.activated"}}
{"recorder_version":"31","session":"51af8a5c0706","build":"193.7288.28","bucket":"122","time":1610602816007,"group":{"id":"ui.dialogs","version":"31"},"event":{"count":1,"data":{"code":0,"created":1610602816007,"plugin_type":"PLATFORM","dialog_class":"com.intellij.ide.EvaluationFeedbackRequestDialog"},"id":"close"}}
{"recorder_version":"31","session":"51af8a5c0706","build":"193.7288.28","bucket":"122","time":1610602816335,"group":{"id":"lifecycle","version":"31"},"event":{"count":1,"data":{"created":1610602816335,"project":"f9fc5216e42482eee5d3a02ac7a21d0d863b66de4571a9f010f67541936cbfea"},"id":"frame.deactivated"}}
{"recorder_version":"31","session":"51af8a5c0706","build":"193.7288.28","bucket":"122","time":1610602833163,"group":{"id":"performance","version":"31"},"event":{"count":1,"data":{"duration_ms":0,"created":1610602833163},"id":"ui.latency"}}
{"recorder_version":"31","session":"51af8a5c0706","build":"193.7288.28","bucket":"122","time":1610602870144,"group":{"id":"lifecycle","version":"31"},"event":{"count":1,"data":{"created":1610602870144,"project":"f9fc5216e42482eee5d3a02ac7a21d0d863b66de4571a9f010f67541936cbfea"},"id":"frame.activated"}}
{"recorder_version":"31","session":"51af8a5c0706","build":"193.7288.28","bucket":"122","time":1610602873990,"group":{"id":"lifecycle","version":"31"},"event":{"count":1,"data":{"created":1610602873990,"project":"f9fc5216e42482eee5d3a02ac7a21d0d863b66de4571a9f010f67541936cbfea"},"id":"frame.deactivated"}}
{"recorder_version":"31","session":"51af8a5c0706","build":"193.7288.28","bucket":"122","time":1610602880535,"group":{"id":"lifecycle","version":"31"},"event":{"count":1,"data":{"created":1610602880535,"project":"f9fc5216e42482eee5d3a02ac7a21d0d863b66de4571a9f010f67541936cbfea"},"id":"frame.activated"}}
{"recorder_version":"31","session":"51af8a5c0706","build":"193.7288.28","bucket":"122","time":1610602894781,"group":{"id":"lifecycle","version":"31"},"event":{"count":1,"data":{"created":1610602894781,"project":"f9fc5216e42482eee5d3a02ac7a21d0d863b66de4571a9f010f67541936cbfea"},"id":"frame.deactivated"}}
{"recorder_version":"31","session":"51af8a5c0706","build":"193.7288.28","bucket":"122","time":1610602904415,"group":{"id":"lifecycle","version":"31"},"event":{"count":1,"data":{"created":1610602904415,"project":"f9fc5216e42482eee5d3a02ac7a21d0d863b66de4571a9f010f67541936cbfea"},"id":"frame.activated"}}
{"recorder_version":"31","session":"51af8a5c0706","build":"193.7288.28","bucket":"122","time":1610602905852,"group":{"id":"lifecycle","version":"31"},"event":{"count":1,"data":{"created":1610602905852,"project":"f9fc5216e42482eee5d3a02ac7a21d0d863b66de4571a9f010f67541936cbfea"},"id":"frame.deactivated"}}
{"recorder_version":"31","session":"51af8a5c0706","build":"193.7288.28","bucket":"122","time":1610602909990,"group":{"id":"lifecycle","version":"31"},"event":{"count":1,"data":{"created":1610602909990,"project":"f9fc5216e42482eee5d3a02ac7a21d0d863b66de4571a9f010f67541936cbfea"},"id":"frame.activated"}}
{"recorder_version":"31","session":"51af8a5c0706","build":"193.7288.28","bucket":"122","time":1610602915286,"group":{"id":"event.log","version":"31"},"event":{"count":1,"data":{"created":1610602915286,"version":"1676.0"},"id":"whitelist.updated"}}
{"recorder_version":"31","session":"51af8a5c0706","build":"193.7288.28","bucket":"122","time":1610602916794,"group":{"id":"lifecycle","version":"31"},"event":{"count":1,"data":{"created":1610602916794,"project":"f9fc5216e42482eee5d3a02ac7a21d0d863b66de4571a9f010f67541936cbfea"},"id":"frame.deactivated"}}
{"recorder_version":"31","session":"51af8a5c0706","build":"193.7288.28","bucket":"122","time":1610602927422,"group":{"id":"lifecycle","version":"31"},"event":{"count":1,"data":{"created":1610602927422,"project":"f9fc5216e42482eee5d3a02ac7a21d0d863b66de4571a9f010f67541936cbfea"},"id":"frame.activated"}}
{"recorder_version":"31","session":"51af8a5c0706","build":"193.7288.28","bucket":"122","time":1610602933257,"group":{"id":"performance","version":"31"},"event":{"count":1,"data":{"duration_ms":0,"created":1610602933257},"id":"ui.latency"}}
{"recorder_version":"31","session":"51af8a5c0706","build":"193.7288.28","bucket":"122","time":1610602943914,"group":{"id":"ui.dialogs","version":"31"},"event":{"count":1,"data":{"created":1610602943914,"plugin_type":"PLATFORM","dialog_class":"com.intellij.openapi.ui.messages.MessageDialog"},"id":"show"}}
{"recorder_version":"31","session":"51af8a5c0706","build":"193.7288.28","bucket":"122","time":1610602944044,"group":{"id":"indexing","version":"2"},"event":{"count":1,"data":{"ide_activity_id":3,"created":1610602944044,"project":"f9fc5216e42482eee5d3a02ac7a21d0d863b66de4571a9f010f67541936cbfea"},"id":"started"}}
{"recorder_version":"31","session":"51af8a5c0706","build":"193.7288.28","bucket":"122","time":1610602944062,"group":{"id":"indexing","version":"2"},"event":{"count":1,"data":{"ide_activity_id":3,"stage_class":"com.intellij.openapi.roots.impl.PushedFilePropertiesUpdaterImpl$3","created":1610602944062,"plugin_type":"PLATFORM"},"id":"stage"}}
{"recorder_version":"31","session":"51af8a5c0706","build":"193.7288.28","bucket":"122","time":1610602944068,"group":{"id":"indexing","version":"2"},"event":{"count":1,"data":{"duration_ms":24,"ide_activity_id":3,"created":1610602944068},"id":"finished"}}
{"recorder_version":"31","session":"51af8a5c0706","build":"193.7288.28","bucket":"122","time":1610602945152,"group":{"id":"lifecycle","version":"31"},"event":{"count":1,"data":{"restart":false,"created":1610602945152},"id":"ide.close"}}
{"recorder_version":"31","session":"51af8a5c0706","build":"193.7288.28","bucket":"122","time":1610602945368,"group":{"id":"performance","version":"31"},"event":{"count":1,"data":{"duration_ms":103,"created":1610602945368},"id":"ui.lagging"}}
{"recorder_version":"31","session":"51af8a5c0706","build":"193.7288.28","bucket":"122","time":1610602945518,"group":{"id":"lifecycle","version":"31"},"event":{"count":1,"data":{"created":1610602945518,"project":"f9fc5216e42482eee5d3a02ac7a21d0d863b66de4571a9f010f67541936cbfea"},"id":"project.closed"}}
{"recorder_version":"31","session":"51af8a5c0706","build":"193.7288.28","bucket":"122","time":1610602945520,"group":{"id":"toolwindow","version":"31"},"event":{"count":1,"data":{"ViewMode":"Dock_Pinned","created":1610602945520,"plugin_type":"PLATFORM","id":"Project","Location":"Left_Top"},"id":"activated"}}
