{"recorder_version":"31","session":"0a8dbe660c80","build":"193.7288.28","bucket":"122","time":1611383935363,"group":{"id":"settings","version":"4"},"event":{"state":true,"data":{"component":"NotRoamableUiSettings","created":1611383936600},"id":"invoked"}}
{"recorder_version":"31","session":"0a8dbe660c80","build":"193.7288.28","bucket":"122","time":1611383935363,"group":{"id":"settings","version":"4"},"event":{"state":true,"data":{"component":"UISettings","created":1611383936611},"id":"invoked"}}
{"recorder_version":"31","session":"0a8dbe660c80","build":"193.7288.28","bucket":"122","time":1611383935428,"group":{"id":"system.java","version":"1"},"event":{"state":true,"data":{"created":1611383936618,"version":"validation.undefined_rule"},"id":"validation.undefined_rule"}}
{"recorder_version":"31","session":"0a8dbe660c80","build":"193.7288.28","bucket":"122","time":1611383935428,"group":{"id":"system.java","version":"1"},"event":{"state":true,"data":{"created":1611383936618},"id":"invoked"}}
{"recorder_version":"31","session":"0a8dbe660c80","build":"193.7288.28","bucket":"122","time":1611383935680,"group":{"id":"system.os","version":"3"},"event":{"state":true,"data":{"created":1611383936619,"version":"10.0"},"id":"Windows"}}
{"recorder_version":"31","session":"0a8dbe660c80","build":"193.7288.28","bucket":"122","time":1611383935680,"group":{"id":"system.os","version":"3"},"event":{"state":true,"data":{"created":1611383936619,"name":"Windows","version":"10.0"},"id":"os.name"}}
{"recorder_version":"31","session":"0a8dbe660c80","build":"193.7288.28","bucket":"122","time":1611383935680,"group":{"id":"system.os","version":"3"},"event":{"state":true,"data":{"created":1611383936620,"value":"+08_00"},"id":"os.timezone"}}
{"recorder_version":"31","session":"0a8dbe660c80","build":"193.7288.28","bucket":"122","time":1611383935680,"group":{"id":"system.os","version":"3"},"event":{"state":true,"data":{"created":1611383936620},"id":"invoked"}}
{"recorder_version":"31","session":"0a8dbe660c80","build":"193.7288.28","bucket":"122","time":1611383936114,"group":{"id":"settings","version":"4"},"event":{"state":true,"data":{"component":"UpdatesConfigurable","created":1611383936620,"name":"lastTimeChecked","type":"int","value":1610602738962},"id":"not.default"}}
{"recorder_version":"31","session":"0a8dbe660c80","build":"193.7288.28","bucket":"122","time":1611383936114,"group":{"id":"settings","version":"4"},"event":{"state":true,"data":{"component":"UpdatesConfigurable","created":1611383936620},"id":"invoked"}}
{"recorder_version":"31","session":"0a8dbe660c80","build":"193.7288.28","bucket":"122","time":1611383936451,"group":{"id":"performance","version":"31"},"event":{"count":1,"data":{"duration_ms":1136,"created":1611383936621},"id":"ui.latency"}}
{"recorder_version":"31","session":"0a8dbe660c80","build":"193.7288.28","bucket":"122","time":1611383936451,"group":{"id":"performance","version":"31"},"event":{"count":1,"data":{"duration_ms":1136,"created":1611383936621},"id":"ui.lagging"}}
{"recorder_version":"31","session":"0a8dbe660c80","build":"193.7288.28","bucket":"122","time":1611383936452,"group":{"id":"performance","version":"31"},"event":{"count":1,"data":{"duration_ms":395,"created":1611383936621},"id":"ui.lagging"}}
{"recorder_version":"31","session":"0a8dbe660c80","build":"193.7288.28","bucket":"122","time":1611383936600,"group":{"id":"event.log","version":"31"},"event":{"count":1,"data":{"created":1611383936621,"version":"1676.0"},"id":"whitelist.loaded"}}
{"recorder_version":"31","session":"0a8dbe660c80","build":"193.7288.28","bucket":"122","time":1611383936890,"group":{"id":"settings","version":"4"},"event":{"state":true,"data":{"component":"GeneralSettings","created":1611383936890,"name":"showTipsOnStartup","type":"bool","value":false},"id":"not.default"}}
{"recorder_version":"31","session":"0a8dbe660c80","build":"193.7288.28","bucket":"122","time":1611383936890,"group":{"id":"settings","version":"4"},"event":{"state":true,"data":{"component":"GeneralSettings","created":1611383936891,"name":"useSafeWrite","type":"bool","value":false},"id":"not.default"}}
{"recorder_version":"31","session":"0a8dbe660c80","build":"193.7288.28","bucket":"122","time":1611383936890,"group":{"id":"settings","version":"4"},"event":{"state":true,"data":{"component":"GeneralSettings","created":1611383936891},"id":"invoked"}}
{"recorder_version":"31","session":"0a8dbe660c80","build":"193.7288.28","bucket":"122","time":1611383936993,"group":{"id":"lifecycle","version":"31"},"event":{"count":1,"data":{"eap":false,"created":1611383936993},"id":"ide.start"}}
{"recorder_version":"31","session":"0a8dbe660c80","build":"193.7288.28","bucket":"122","time":1611383937173,"group":{"id":"performance","version":"31"},"event":{"count":1,"data":{"duration_ms":115,"created":1611383937173},"id":"ui.lagging"}}
{"recorder_version":"31","session":"0a8dbe660c80","build":"193.7288.28","bucket":"122","time":1611383937944,"group":{"id":"settings","version":"4"},"event":{"state":true,"data":{"component":"XmlEditorOptions","created":1611383937945},"id":"invoked"}}
{"recorder_version":"31","session":"0a8dbe660c80","build":"193.7288.28","bucket":"122","time":1611383940456,"group":{"id":"performance","version":"31"},"event":{"count":1,"data":{"duration_ms":2397,"created":1611383940456},"id":"ui.lagging"}}
{"recorder_version":"31","session":"0a8dbe660c80","build":"193.7288.28","bucket":"122","time":1611383940551,"group":{"id":"performance","version":"31"},"event":{"count":1,"data":{"duration_ms":1491,"created":1611383940551},"id":"ui.lagging"}}
{"recorder_version":"31","session":"0a8dbe660c80","build":"193.7288.28","bucket":"122","time":1611383940552,"group":{"id":"performance","version":"31"},"event":{"count":1,"data":{"duration_ms":491,"created":1611383940552},"id":"ui.lagging"}}
{"recorder_version":"31","session":"0a8dbe660c80","build":"193.7288.28","bucket":"122","time":1611383940620,"group":{"id":"settings","version":"4"},"event":{"state":true,"data":{"component":"VcsApplicationSettings","created":1611383940620},"id":"invoked"}}
{"recorder_version":"31","session":"0a8dbe660c80","build":"193.7288.28","bucket":"122","time":1611383940620,"group":{"id":"lifecycle","version":"31"},"event":{"count":1,"data":{"created":1611383940620},"id":"frame.activated"}}
{"recorder_version":"31","session":"0a8dbe660c80","build":"193.7288.28","bucket":"122","time":1611383941274,"group":{"id":"ui.dialogs","version":"31"},"event":{"count":1,"data":{"created":1611383941322,"plugin_type":"PLATFORM","dialog_class":"com.intellij.openapi.progress.util.ProgressDialog$MyDialogWrapper"},"id":"show"}}
{"recorder_version":"31","session":"0a8dbe660c80","build":"193.7288.28","bucket":"122","time":1611383942247,"group":{"id":"performance","version":"31"},"event":{"count":1,"data":{"duration_ms":1184,"created":1611383942247},"id":"ui.lagging"}}
{"recorder_version":"31","session":"0a8dbe660c80","build":"193.7288.28","bucket":"122","time":1611383942379,"group":{"id":"performance","version":"31"},"event":{"count":1,"data":{"duration_ms":315,"created":1611383942379},"id":"ui.lagging"}}
{"recorder_version":"31","session":"0a8dbe660c80","build":"193.7288.28","bucket":"122","time":1611383945591,"group":{"id":"lifecycle","version":"31"},"event":{"count":1,"data":{"created":1611383945591,"project":"f9fc5216e42482eee5d3a02ac7a21d0d863b66de4571a9f010f67541936cbfea"},"id":"project.opened"}}
{"recorder_version":"31","session":"0a8dbe660c80","build":"193.7288.28","bucket":"122","time":1611383946895,"group":{"id":"performance","version":"31"},"event":{"count":1,"data":{"duration_ms":1828,"created":1611383946895},"id":"ui.lagging"}}
{"recorder_version":"31","session":"0a8dbe660c80","build":"193.7288.28","bucket":"122","time":1611383946899,"group":{"id":"lifecycle","version":"31"},"event":{"count":1,"data":{"created":1611383946899,"project":"f9fc5216e42482eee5d3a02ac7a21d0d863b66de4571a9f010f67541936cbfea"},"id":"frame.deactivated"}}
{"recorder_version":"31","session":"0a8dbe660c80","build":"193.7288.28","bucket":"122","time":1611383946914,"group":{"id":"performance","version":"31"},"event":{"count":1,"data":{"duration_ms":847,"created":1611383946914},"id":"ui.lagging"}}
{"recorder_version":"31","session":"0a8dbe660c80","build":"193.7288.28","bucket":"122","time":1611383947294,"group":{"id":"performance","version":"31"},"event":{"count":1,"data":{"duration_ms":227,"created":1611383947294},"id":"ui.lagging"}}
{"recorder_version":"31","session":"0a8dbe660c80","build":"193.7288.28","bucket":"122","time":1611383950723,"group":{"id":"toolwindow","version":"31"},"event":{"count":2,"data":{"plugin":"org.jetbrains.plugins.terminal","last":1611383951258,"ViewMode":"Dock_Pinned","created":1611383950723,"plugin_type":"JB_BUNDLED","id":"Terminal","Location":"Bottom_Left"},"id":"activated"}}
{"recorder_version":"31","session":"0a8dbe660c80","build":"193.7288.28","bucket":"122","time":1611383951599,"group":{"id":"ide.self.update","version":"2"},"event":{"count":1,"data":{"created":1611383951599},"id":"notification.shown"}}
{"recorder_version":"31","session":"0a8dbe660c80","build":"193.7288.28","bucket":"122","time":1611383951768,"group":{"id":"performance","version":"31"},"event":{"count":1,"data":{"duration_ms":3700,"created":1611383951768},"id":"ui.lagging"}}
{"recorder_version":"31","session":"0a8dbe660c80","build":"193.7288.28","bucket":"122","time":1611383951768,"group":{"id":"performance","version":"31"},"event":{"count":1,"data":{"duration_ms":2700,"created":1611383951768},"id":"ui.lagging"}}
{"recorder_version":"31","session":"0a8dbe660c80","build":"193.7288.28","bucket":"122","time":1611383951769,"group":{"id":"performance","version":"31"},"event":{"count":1,"data":{"duration_ms":1699,"created":1611383951769},"id":"ui.lagging"}}
{"recorder_version":"31","session":"0a8dbe660c80","build":"193.7288.28","bucket":"122","time":1611383951769,"group":{"id":"performance","version":"31"},"event":{"count":1,"data":{"duration_ms":698,"created":1611383951769},"id":"ui.lagging"}}
{"recorder_version":"31","session":"0a8dbe660c80","build":"193.7288.28","bucket":"122","time":1611383952124,"group":{"id":"project.fs","version":"1"},"event":{"state":true,"data":{"os":"Windows","cs-project":false,"created":1611383952124,"project":"f9fc5216e42482eee5d3a02ac7a21d0d863b66de4571a9f010f67541936cbfea","cs-implicit":true,"cs-system":false},"id":"case-sensitivity"}}
{"recorder_version":"31","session":"0a8dbe660c80","build":"193.7288.28","bucket":"122","time":1611383952124,"group":{"id":"project.fs","version":"1"},"event":{"state":true,"data":{"created":1611383952124},"id":"invoked"}}
{"recorder_version":"31","session":"0a8dbe660c80","build":"193.7288.28","bucket":"122","time":1611383952124,"group":{"id":"project.fs","version":"1"},"event":{"state":true,"data":{"pct-non-watched":0,"created":1611383952125,"project":"f9fc5216e42482eee5d3a02ac7a21d0d863b66de4571a9f010f67541936cbfea"},"id":"roots-watched"}}
{"recorder_version":"31","session":"0a8dbe660c80","build":"193.7288.28","bucket":"122","time":1611383952124,"group":{"id":"project.fs","version":"1"},"event":{"state":true,"data":{"created":1611383952125},"id":"invoked"}}
{"recorder_version":"31","session":"0a8dbe660c80","build":"193.7288.28","bucket":"122","time":1611383952496,"group":{"id":"ui.dialogs","version":"31"},"event":{"count":1,"data":{"code":1,"created":1611383952496,"plugin_type":"PLATFORM","dialog_class":"com.intellij.openapi.progress.util.ProgressDialog$MyDialogWrapper"},"id":"close"}}
{"recorder_version":"31","session":"0a8dbe660c80","build":"193.7288.28","bucket":"122","time":1611383952506,"group":{"id":"terminalShell","version":"1"},"event":{"count":1,"data":{"os-version":"10.0","os":"Windows","shell":"cmd","created":1611383952507,"project":"f9fc5216e42482eee5d3a02ac7a21d0d863b66de4571a9f010f67541936cbfea"},"id":"local.exec"}}
{"recorder_version":"31","session":"0a8dbe660c80","build":"193.7288.28","bucket":"122","time":1611383952916,"group":{"id":"indexing","version":"2"},"event":{"count":1,"data":{"ide_activity_id":1,"created":1611383952916,"project":"f9fc5216e42482eee5d3a02ac7a21d0d863b66de4571a9f010f67541936cbfea"},"id":"started"}}
{"recorder_version":"31","session":"0a8dbe660c80","build":"193.7288.28","bucket":"122","time":1611383952923,"group":{"id":"lifecycle","version":"31"},"event":{"count":1,"data":{"duration_ms":15377,"created":1611383952923,"project":"f9fc5216e42482eee5d3a02ac7a21d0d863b66de4571a9f010f67541936cbfea"},"id":"project.opening.finished"}}
{"recorder_version":"31","session":"0a8dbe660c80","build":"193.7288.28","bucket":"122","time":1611383952933,"group":{"id":"indexing","version":"2"},"event":{"count":2,"data":{"ide_activity_id":1,"last":1611383956903,"stage_class":"com.intellij.util.indexing.UnindexedFilesUpdater","created":1611383952933,"plugin_type":"PLATFORM"},"id":"stage"}}
{"recorder_version":"31","session":"0a8dbe660c80","build":"193.7288.28","bucket":"122","time":1611383968399,"group":{"id":"startup","version":"1"},"event":{"count":1,"data":{"duration":3553,"created":1611383968399},"id":"appInit"}}
{"recorder_version":"31","session":"0a8dbe660c80","build":"193.7288.28","bucket":"122","time":1611383968399,"group":{"id":"startup","version":"1"},"event":{"count":1,"data":{"duration":220,"created":1611383968399},"id":"splash"}}
{"recorder_version":"31","session":"0a8dbe660c80","build":"193.7288.28","bucket":"122","time":1611383968399,"group":{"id":"startup","version":"1"},"event":{"count":1,"data":{"duration":234,"created":1611383968400},"id":"bootstrap"}}
{"recorder_version":"31","session":"0a8dbe660c80","build":"193.7288.28","bucket":"122","time":1611383968399,"group":{"id":"startup","version":"1"},"event":{"count":1,"data":{"duration":40452,"created":1611383968400},"id":"totalDuration"}}
{"recorder_version":"31","session":"0a8dbe660c80","build":"193.7288.28","bucket":"122","time":1611383970894,"group":{"id":"lifecycle","version":"31"},"event":{"count":1,"data":{"created":1611383970894,"project":"f9fc5216e42482eee5d3a02ac7a21d0d863b66de4571a9f010f67541936cbfea"},"id":"frame.activated"}}
{"recorder_version":"31","session":"0a8dbe660c80","build":"193.7288.28","bucket":"122","time":1611383972206,"group":{"id":"lifecycle","version":"31"},"event":{"count":1,"data":{"created":1611383972206,"project":"f9fc5216e42482eee5d3a02ac7a21d0d863b66de4571a9f010f67541936cbfea"},"id":"frame.deactivated"}}
{"recorder_version":"31","session":"0a8dbe660c80","build":"193.7288.28","bucket":"122","time":1611383978266,"group":{"id":"indexing","version":"2"},"event":{"count":1,"data":{"duration_ms":25350,"ide_activity_id":1,"created":1611383978266},"id":"finished"}}
{"recorder_version":"31","session":"0a8dbe660c80","build":"193.7288.28","bucket":"122","time":1611383987203,"group":{"id":"lifecycle","version":"31"},"event":{"count":1,"data":{"created":1611383987203,"project":"f9fc5216e42482eee5d3a02ac7a21d0d863b66de4571a9f010f67541936cbfea"},"id":"frame.activated"}}
{"recorder_version":"31","session":"0a8dbe660c80","build":"193.7288.28","bucket":"122","time":1611383989628,"group":{"id":"toolwindow","version":"31"},"event":{"count":1,"data":{"ViewMode":"Dock_Pinned","created":1611383989628,"plugin_type":"PLATFORM","id":"Project","Location":"Left_Top"},"id":"activated"}}
{"recorder_version":"31","session":"0a8dbe660c80","build":"193.7288.28","bucket":"122","time":1611383991706,"group":{"id":"ui.dialogs","version":"31"},"event":{"count":1,"data":{"created":1611383991706,"plugin_type":"PLATFORM","dialog_class":"com.intellij.openapi.ui.messages.MessageDialog"},"id":"show"}}
{"recorder_version":"31","session":"0a8dbe660c80","build":"193.7288.28","bucket":"122","time":1611383993412,"group":{"id":"lifecycle","version":"31"},"event":{"count":1,"data":{"restart":false,"created":1611383993412},"id":"ide.close"}}
{"recorder_version":"31","session":"0a8dbe660c80","build":"193.7288.28","bucket":"122","time":1611383993585,"group":{"id":"lifecycle","version":"31"},"event":{"count":1,"data":{"created":1611383993585,"project":"f9fc5216e42482eee5d3a02ac7a21d0d863b66de4571a9f010f67541936cbfea"},"id":"project.closed"}}
