[2019-08-11T16:26:52.146] [DEBUG] cheese - login => username:zj,password:12345
[2019-08-11T16:26:52.148] [DEBUG] cheese - zj
[2019-08-11T16:26:52.160] [DEBUG] cheese - null
[2019-08-11T16:26:52.161] [DEBUG] cheese - null
[2019-08-11T16:27:01.149] [DEBUG] cheese - login => username:admin,password:12345
[2019-08-11T16:27:01.149] [DEBUG] cheese - admin
[2019-08-11T16:27:01.163] [DEBUG] cheese - null
[2019-08-11T16:27:01.163] [DEBUG] cheese - null
[2019-08-12T15:04:40.514] [DEBUG] cheese - login => username:admin,password:123456
[2019-08-12T15:04:40.516] [DEBUG] cheese - admin
[2019-08-12T15:04:40.546] [DEBUG] cheese - null
[2019-08-12T15:04:40.547] [DEBUG] cheese - null
[2019-08-12T15:04:48.141] [DEBUG] cheese - login => username:admin,password:123456
[2019-08-12T15:04:48.141] [DEBUG] cheese - admin
[2019-08-12T15:04:48.149] [DEBUG] cheese - null
[2019-08-12T15:04:48.149] [DEBUG] cheese - null
[2019-08-12T15:04:48.439] [DEBUG] cheese - login => username:admin,password:123456
[2019-08-12T15:04:48.439] [DEBUG] cheese - admin
[2019-08-12T15:04:48.444] [DEBUG] cheese - null
[2019-08-12T15:04:48.444] [DEBUG] cheese - null
[2019-08-12T15:08:34.420] [DEBUG] cheese - login => username:admin,password:123456
[2019-08-12T15:08:34.420] [DEBUG] cheese - admin
[2019-08-12T15:08:34.428] [DEBUG] cheese - null
[2019-08-12T15:08:34.428] [DEBUG] cheese - null
[2019-08-12T15:08:34.541] [DEBUG] cheese - login => username:admin,password:123456
[2019-08-12T15:08:34.541] [DEBUG] cheese - admin
[2019-08-12T15:08:34.546] [DEBUG] cheese - null
[2019-08-12T15:08:34.546] [DEBUG] cheese - null
[2019-08-12T15:09:20.419] [DEBUG] cheese - login => username:admin,password:123456
[2019-08-12T15:09:20.419] [DEBUG] cheese - admin
[2019-08-12T15:09:20.427] [DEBUG] cheese - null
[2019-08-12T15:09:20.427] [DEBUG] cheese - null
[2019-08-12T15:10:55.346] [DEBUG] cheese - login => username:admin,password:123456
[2019-08-12T15:10:55.347] [DEBUG] cheese - admin
[2019-08-12T15:10:55.351] [DEBUG] cheese - null
[2019-08-12T15:10:55.351] [DEBUG] cheese - null
[2019-08-12T15:11:01.088] [DEBUG] cheese - login => username:admin,password:12345678
[2019-08-12T15:11:01.088] [DEBUG] cheese - admin
[2019-08-12T15:11:01.094] [DEBUG] cheese - null
[2019-08-12T15:11:01.094] [DEBUG] cheese - null
[2019-08-12T15:14:20.343] [DEBUG] cheese - login => username:admin,password:123456
[2019-08-12T15:14:20.344] [DEBUG] cheese - admin
[2019-08-12T15:14:20.352] [DEBUG] cheese - null
[2019-08-12T15:14:20.352] [DEBUG] cheese - null
[2019-08-12T15:14:22.137] [DEBUG] cheese - login => username:admin,password:123456
[2019-08-12T15:14:22.137] [DEBUG] cheese - admin
[2019-08-12T15:14:22.140] [DEBUG] cheese - null
[2019-08-12T15:14:22.141] [DEBUG] cheese - null
[2019-08-12T15:15:59.812] [DEBUG] cheese - login => username:admin,password:123456
[2019-08-12T15:15:59.812] [DEBUG] cheese - admin
[2019-08-12T15:15:59.825] [DEBUG] cheese - null
[2019-08-12T15:15:59.825] [DEBUG] cheese - null
[2019-08-12T15:16:10.297] [DEBUG] cheese - login => username:admin,password:12345678
[2019-08-12T15:16:10.297] [DEBUG] cheese - admin
[2019-08-12T15:16:10.301] [DEBUG] cheese - null
[2019-08-12T15:16:10.301] [DEBUG] cheese - null
[2019-08-12T15:17:06.935] [DEBUG] cheese - login => username:admin,password:123456
[2019-08-12T15:17:06.936] [DEBUG] cheese - admin
[2019-08-12T15:17:06.949] [DEBUG] cheese - null
[2019-08-12T15:17:06.949] [DEBUG] cheese - null
[2019-08-12T15:26:29.619] [DEBUG] cheese - login => username:admin,password:123456
[2019-08-12T15:26:29.619] [DEBUG] cheese - admin
[2019-08-12T15:26:29.625] [DEBUG] cheese - null
[2019-08-12T15:26:29.625] [DEBUG] cheese - null
[2019-08-12T15:37:13.074] [DEBUG] cheese - login => username:admin,password:123456
[2019-08-12T15:37:13.074] [DEBUG] cheese - admin
[2019-08-12T15:37:13.085] [DEBUG] cheese - null
[2019-08-12T15:37:13.086] [DEBUG] cheese - null
[2019-08-12T15:49:59.669] [DEBUG] cheese - login => username:admin,password:123456
[2019-08-12T15:49:59.669] [DEBUG] cheese - admin
[2019-08-12T15:49:59.673] [DEBUG] cheese - null
[2019-08-12T15:49:59.673] [DEBUG] cheese - null
[2019-08-12T15:50:07.375] [DEBUG] cheese - login => username:admin,password:1234561
[2019-08-12T15:50:07.375] [DEBUG] cheese - admin
[2019-08-12T15:50:07.379] [DEBUG] cheese - null
[2019-08-12T15:50:07.379] [DEBUG] cheese - null
[2019-08-12T15:50:33.937] [DEBUG] cheese - login => username:admin,password:1234561
[2019-08-12T15:50:33.937] [DEBUG] cheese - admin
[2019-08-12T15:50:33.940] [DEBUG] cheese - null
[2019-08-12T15:50:33.940] [DEBUG] cheese - null
[2019-08-12T16:00:53.139] [DEBUG] cheese - login => username:admin,password:123456
[2019-08-12T16:00:53.139] [DEBUG] cheese - admin
[2019-08-12T16:00:53.143] [DEBUG] cheese - null
[2019-08-12T16:00:53.143] [DEBUG] cheese - null
[2019-08-12T16:01:04.440] [DEBUG] cheese - login => username:admin,password:123456
[2019-08-12T16:01:04.440] [DEBUG] cheese - admin
[2019-08-12T16:01:04.443] [DEBUG] cheese - null
[2019-08-12T16:01:04.444] [DEBUG] cheese - null
[2019-08-12T16:34:13.737] [DEBUG] cheese - login => username:admin,password:123456
[2019-08-12T16:34:13.738] [DEBUG] cheese - admin
[2019-08-12T16:34:13.749] [DEBUG] cheese - null
[2019-08-12T16:34:13.749] [DEBUG] cheese - null
[2019-08-12T16:35:57.529] [DEBUG] cheese - login => username:admin,password:123456
[2019-08-12T16:35:57.529] [DEBUG] cheese - admin
[2019-08-12T16:35:57.536] [DEBUG] cheese - null
[2019-08-12T16:35:57.536] [DEBUG] cheese - null
[2019-08-12T16:41:23.682] [DEBUG] cheese - login => username:admin,password:123456
[2019-08-12T16:41:23.682] [DEBUG] cheese - admin
[2019-08-12T16:41:23.691] [DEBUG] cheese - null
[2019-08-12T16:41:23.691] [DEBUG] cheese - null
[2019-08-12T16:47:17.452] [DEBUG] cheese - login => username:admin,password:123456
[2019-08-12T16:47:17.452] [DEBUG] cheese - admin
[2019-08-12T16:47:17.458] [DEBUG] cheese - null
[2019-08-12T16:47:17.458] [DEBUG] cheese - null
[2019-08-12T17:06:42.778] [DEBUG] cheese - login => username:admin,password:123456
[2019-08-12T17:06:42.779] [DEBUG] cheese - admin
[2019-08-12T17:06:42.784] [DEBUG] cheese - null
[2019-08-12T17:06:42.784] [DEBUG] cheese - null
[2019-08-12T17:26:05.794] [DEBUG] cheese - login => username:admin,password:123456
[2019-08-12T17:26:05.794] [DEBUG] cheese - admin
[2019-08-12T17:26:05.800] [DEBUG] cheese - null
[2019-08-12T17:26:05.800] [DEBUG] cheese - null
[2019-08-12T17:48:21.081] [DEBUG] cheese - login => username:admin,password:123456
[2019-08-12T17:48:21.081] [DEBUG] cheese - admin
[2019-08-12T17:48:21.086] [DEBUG] cheese - null
[2019-08-12T17:48:21.086] [DEBUG] cheese - null
[2019-08-12T17:59:43.946] [DEBUG] cheese - login => username:admin,password:123456
[2019-08-12T17:59:43.946] [DEBUG] cheese - admin
[2019-08-12T17:59:43.951] [DEBUG] cheese - null
[2019-08-12T17:59:43.951] [DEBUG] cheese - null
[2019-08-12T18:58:41.084] [DEBUG] cheese - login => username:admin,password:123456
[2019-08-12T18:58:41.085] [DEBUG] cheese - admin
[2019-08-12T18:58:41.108] [DEBUG] cheese - null
[2019-08-12T18:58:41.108] [DEBUG] cheese - null
[2019-08-12T18:58:48.698] [DEBUG] cheese - login => username:admin,password:123456
[2019-08-12T18:58:48.698] [DEBUG] cheese - admin
[2019-08-12T18:58:48.703] [DEBUG] cheese - null
[2019-08-12T18:58:48.703] [DEBUG] cheese - null
[2019-08-12T18:59:09.318] [DEBUG] cheese - login => username:admin,password:123456
[2019-08-12T18:59:09.318] [DEBUG] cheese - admin
[2019-08-12T18:59:09.322] [DEBUG] cheese - null
[2019-08-12T18:59:09.322] [DEBUG] cheese - null
[2019-08-12T19:30:52.963] [DEBUG] cheese - login => username:admin,password:123456
[2019-08-12T19:30:52.963] [DEBUG] cheese - admin
[2019-08-12T19:30:52.969] [DEBUG] cheese - null
[2019-08-12T19:30:52.969] [DEBUG] cheese - null
[2019-08-12T19:35:01.310] [DEBUG] cheese - login => username:admin,password:123456
[2019-08-12T19:35:01.310] [DEBUG] cheese - admin
[2019-08-12T19:35:01.318] [DEBUG] cheese - null
[2019-08-12T19:35:01.318] [DEBUG] cheese - null
[2019-08-12T19:35:17.391] [DEBUG] cheese - login => username:admin,password:123456
[2019-08-12T19:35:17.391] [DEBUG] cheese - admin
[2019-08-12T19:35:17.398] [DEBUG] cheese - null
[2019-08-12T19:35:17.398] [DEBUG] cheese - null
[2019-08-12T19:35:23.256] [DEBUG] cheese - login => username:admin,password:123456
[2019-08-12T19:35:23.256] [DEBUG] cheese - admin
[2019-08-12T19:35:23.260] [DEBUG] cheese - null
[2019-08-12T19:35:23.260] [DEBUG] cheese - null
[2019-08-12T19:35:43.672] [DEBUG] cheese - login => username:admin,password:123456
[2019-08-12T19:35:43.672] [DEBUG] cheese - admin
[2019-08-12T19:35:43.677] [DEBUG] cheese - null
[2019-08-12T19:35:43.677] [DEBUG] cheese - null
[2019-08-12T19:35:51.899] [DEBUG] cheese - login => username:admin,password:123455
[2019-08-12T19:35:51.899] [DEBUG] cheese - admin
[2019-08-12T19:35:51.903] [DEBUG] cheese - null
[2019-08-12T19:35:51.903] [DEBUG] cheese - null
[2019-08-12T19:36:02.256] [DEBUG] cheese - login => username:admin,password:123455
[2019-08-12T19:36:02.256] [DEBUG] cheese - admin
[2019-08-12T19:36:02.264] [DEBUG] cheese - null
[2019-08-12T19:36:02.265] [DEBUG] cheese - null
[2019-08-12T19:36:33.297] [DEBUG] cheese - login => username:admin,password:12
[2019-08-12T19:36:33.298] [DEBUG] cheese - admin
[2019-08-12T19:36:33.304] [DEBUG] cheese - null
[2019-08-12T19:36:33.304] [DEBUG] cheese - null
[2019-08-12T19:36:57.693] [DEBUG] cheese - login => username:admin,password:12
[2019-08-12T19:36:57.693] [DEBUG] cheese - admin
[2019-08-12T19:36:57.698] [DEBUG] cheese - null
[2019-08-12T19:36:57.698] [DEBUG] cheese - null
[2019-08-12T19:37:18.626] [DEBUG] cheese - login => username:admin,password:123456
[2019-08-12T19:37:18.626] [DEBUG] cheese - admin
[2019-08-12T19:37:18.630] [DEBUG] cheese - null
[2019-08-12T19:37:18.630] [DEBUG] cheese - null
[2019-08-12T19:39:37.943] [DEBUG] cheese - login => username:admin,password:123456
[2019-08-12T19:39:37.943] [DEBUG] cheese - admin
[2019-08-12T19:39:37.948] [DEBUG] cheese - null
[2019-08-12T19:39:37.948] [DEBUG] cheese - null
[2019-08-12T19:44:56.766] [DEBUG] cheese - login => username:admin,password:123456
[2019-08-12T19:44:56.766] [DEBUG] cheese - admin
[2019-08-12T19:44:56.772] [DEBUG] cheese - null
[2019-08-12T19:44:56.773] [DEBUG] cheese - null
[2019-08-12T20:13:53.080] [DEBUG] cheese - login => username:admin,password:123456
[2019-08-12T20:13:53.080] [DEBUG] cheese - admin
[2019-08-12T20:13:53.086] [DEBUG] cheese - null
[2019-08-12T20:13:53.087] [DEBUG] cheese - null
[2019-08-12T20:15:01.723] [DEBUG] cheese - login => username:admin,password:123456
[2019-08-12T20:15:01.723] [DEBUG] cheese - admin
[2019-08-12T20:15:01.732] [DEBUG] cheese - null
[2019-08-12T20:15:01.732] [DEBUG] cheese - null
[2019-08-13T08:40:55.315] [DEBUG] cheese - login => username:admin,password:123456
[2019-08-13T08:40:55.316] [DEBUG] cheese - admin
[2019-08-13T08:40:55.351] [DEBUG] cheese - null
[2019-08-13T08:40:55.352] [DEBUG] cheese - null
[2019-08-13T09:47:08.976] [DEBUG] cheese - login => username:admin,password:123456
[2019-08-13T09:47:08.978] [DEBUG] cheese - admin
[2019-08-13T09:47:08.994] [DEBUG] cheese - null
[2019-08-13T09:47:08.995] [DEBUG] cheese - null
[2019-08-13T10:25:00.515] [DEBUG] cheese - login => username:admin,password:123456
[2019-08-13T10:25:00.515] [DEBUG] cheese - admin
[2019-08-13T10:25:00.520] [DEBUG] cheese - null
[2019-08-13T10:25:00.521] [DEBUG] cheese - null
[2019-08-13T10:25:17.872] [DEBUG] cheese - login => username:admin,password:123456
[2019-08-13T10:25:17.872] [DEBUG] cheese - admin
[2019-08-13T10:25:17.876] [DEBUG] cheese - null
[2019-08-13T10:25:17.876] [DEBUG] cheese - null
[2019-08-13T10:33:05.984] [DEBUG] cheese - login => username:admin,password:123456
[2019-08-13T10:33:05.984] [DEBUG] cheese - admin
[2019-08-13T10:33:05.987] [DEBUG] cheese - null
[2019-08-13T10:33:05.987] [DEBUG] cheese - null
[2019-08-13T10:35:12.241] [DEBUG] cheese - login => username:admin,password:123456
[2019-08-13T10:35:12.242] [DEBUG] cheese - admin
[2019-08-13T10:35:12.245] [DEBUG] cheese - null
[2019-08-13T10:35:12.245] [DEBUG] cheese - null
[2019-08-13T11:07:22.449] [DEBUG] cheese - login => username:admin,password:123456
[2019-08-13T11:07:22.449] [DEBUG] cheese - admin
[2019-08-13T11:07:22.453] [DEBUG] cheese - null
[2019-08-13T11:07:22.453] [DEBUG] cheese - null
[2019-08-13T14:10:23.143] [DEBUG] cheese - login => username:admin,password:123456
[2019-08-13T14:10:23.144] [DEBUG] cheese - admin
[2019-08-13T14:10:23.152] [DEBUG] cheese - null
[2019-08-13T14:10:23.152] [DEBUG] cheese - null
[2019-08-13T14:10:31.803] [DEBUG] cheese - login => username:admin,password:123456
[2019-08-13T14:10:31.803] [DEBUG] cheese - admin
[2019-08-13T14:10:31.820] [DEBUG] cheese - null
[2019-08-13T14:10:31.820] [DEBUG] cheese - null
[2019-08-13T14:22:05.985] [DEBUG] cheese - login => username:admin,password:123456
[2019-08-13T14:22:05.985] [DEBUG] cheese - admin
[2019-08-13T14:22:05.990] [DEBUG] cheese - null
[2019-08-13T14:22:05.990] [DEBUG] cheese - null
[2019-08-13T14:23:51.662] [DEBUG] cheese - login => username:admin,password:123456
[2019-08-13T14:23:51.662] [DEBUG] cheese - admin
[2019-08-13T14:23:51.669] [DEBUG] cheese - null
[2019-08-13T14:23:51.669] [DEBUG] cheese - null
[2019-08-13T14:43:28.761] [DEBUG] cheese - login => username:admin,password:123456
[2019-08-13T14:43:28.761] [DEBUG] cheese - admin
[2019-08-13T14:43:28.765] [DEBUG] cheese - null
[2019-08-13T14:43:28.765] [DEBUG] cheese - null
[2019-08-13T15:11:52.681] [DEBUG] cheese - login => username:admin,password:123456
[2019-08-13T15:11:52.681] [DEBUG] cheese - admin
[2019-08-13T15:11:52.685] [DEBUG] cheese - null
[2019-08-13T15:11:52.685] [DEBUG] cheese - null
[2019-08-13T15:13:56.867] [DEBUG] cheese - login => username:admin,password:123456
[2019-08-13T15:13:56.867] [DEBUG] cheese - admin
[2019-08-13T15:13:56.869] [DEBUG] cheese - null
[2019-08-13T15:13:56.870] [DEBUG] cheese - null
[2019-08-15T09:01:20.965] [DEBUG] cheese - login => username:admin,password:123456
[2019-08-15T09:01:20.966] [DEBUG] cheese - admin
[2019-08-15T09:01:20.985] [DEBUG] cheese - null
[2019-08-15T09:01:20.986] [DEBUG] cheese - null
[2019-08-15T21:31:11.216] [DEBUG] cheese - login => username:admin,password:123456
[2019-08-15T21:31:11.217] [DEBUG] cheese - admin
[2019-08-15T21:31:11.241] [DEBUG] cheese - null
[2019-08-15T21:31:11.242] [DEBUG] cheese - null
[2019-08-15T22:24:44.461] [DEBUG] cheese - login => username:admin,password:123456
[2019-08-15T22:24:44.463] [DEBUG] cheese - admin
[2019-08-15T22:24:44.493] [DEBUG] cheese - null
[2019-08-15T22:24:44.494] [DEBUG] cheese - null
[2019-08-15T22:37:23.616] [DEBUG] cheese - login => username:admin,password:123456
[2019-08-15T22:37:23.616] [DEBUG] cheese - admin
[2019-08-15T22:37:23.620] [DEBUG] cheese - null
[2019-08-15T22:37:23.620] [DEBUG] cheese - null
[2019-08-15T23:16:04.051] [DEBUG] cheese - login => username:admin,password:123456
[2019-08-15T23:16:04.051] [DEBUG] cheese - admin
[2019-08-15T23:16:04.055] [DEBUG] cheese - null
[2019-08-15T23:16:04.055] [DEBUG] cheese - null
[2019-08-16T08:30:41.235] [DEBUG] cheese - login => username:admin,password:123456
[2019-08-16T08:30:41.236] [DEBUG] cheese - admin
[2019-08-16T08:30:41.273] [DEBUG] cheese - null
[2019-08-16T08:30:41.274] [DEBUG] cheese - null
[2019-08-16T08:36:48.172] [DEBUG] cheese - login => username:admin,password:123456
[2019-08-16T08:36:48.173] [DEBUG] cheese - admin
[2019-08-16T08:36:48.189] [DEBUG] cheese - null
[2019-08-16T08:36:48.190] [DEBUG] cheese - null
[2019-08-16T11:04:44.077] [DEBUG] cheese - login => username:admin,password:123456
[2019-08-16T11:04:44.078] [DEBUG] cheese - admin
[2019-08-16T11:04:44.084] [DEBUG] cheese - null
[2019-08-16T11:04:44.085] [DEBUG] cheese - null
[2019-08-16T11:04:47.590] [DEBUG] cheese - login => username:admin,password:123456
[2019-08-16T11:04:47.590] [DEBUG] cheese - admin
[2019-08-16T11:04:47.594] [DEBUG] cheese - null
[2019-08-16T11:04:47.595] [DEBUG] cheese - null
[2019-08-16T11:05:06.500] [DEBUG] cheese - login => username:admin,password:123456
[2019-08-16T11:05:06.500] [DEBUG] cheese - admin
[2019-08-16T11:05:06.503] [DEBUG] cheese - null
[2019-08-16T11:05:06.503] [DEBUG] cheese - null
[2019-08-16T11:18:10.917] [DEBUG] cheese - login => username:admin,password:123456
[2019-08-16T11:18:10.917] [DEBUG] cheese - admin
[2019-08-16T11:18:10.921] [DEBUG] cheese - null
[2019-08-16T11:18:10.921] [DEBUG] cheese - null
[2019-08-16T21:10:35.349] [DEBUG] cheese - null
[2019-08-16T21:11:31.702] [DEBUG] cheese - null
[2019-08-16T21:11:34.441] [DEBUG] cheese - null
[2019-08-18T08:27:09.750] [DEBUG] cheese - login => username:admin,password:123456
[2019-08-18T08:27:09.751] [DEBUG] cheese - admin
[2019-08-18T08:27:09.769] [DEBUG] cheese - null
[2019-08-18T08:27:09.770] [DEBUG] cheese - null
[2019-08-18T17:14:28.478] [DEBUG] cheese - login => username:admin,password:123456
[2019-08-18T17:14:28.479] [DEBUG] cheese - admin
[2019-08-18T17:14:28.491] [DEBUG] cheese - null
[2019-08-18T17:14:28.492] [DEBUG] cheese - null
[2019-08-18T19:51:10.803] [DEBUG] cheese - login => username:admin,password:123456
[2019-08-18T19:51:10.803] [DEBUG] cheese - admin
[2019-08-18T19:51:10.809] [DEBUG] cheese - null
[2019-08-18T19:51:10.810] [DEBUG] cheese - null
[2019-08-19T08:31:27.185] [DEBUG] cheese - login => username:admin,password:123456
[2019-08-19T08:31:27.186] [DEBUG] cheese - admin
[2019-08-19T08:31:27.206] [DEBUG] cheese - null
[2019-08-19T08:31:27.208] [DEBUG] cheese - null
[2019-08-19T08:40:46.609] [DEBUG] cheese - login => username:admin,password:123456
[2019-08-19T08:40:46.609] [DEBUG] cheese - admin
[2019-08-19T08:40:46.613] [DEBUG] cheese - null
[2019-08-19T08:40:46.613] [DEBUG] cheese - null
[2019-08-20T09:39:55.999] [DEBUG] cheese - login => username:admin,password:123456
[2019-08-20T09:39:56.001] [DEBUG] cheese - admin
[2019-08-20T09:39:56.035] [DEBUG] cheese - null
[2019-08-20T09:39:56.036] [DEBUG] cheese - null
[2019-08-20T15:56:08.492] [DEBUG] cheese - login => username:admin,password:123456
[2019-08-20T15:56:08.492] [DEBUG] cheese - admin
[2019-08-20T15:56:08.540] [DEBUG] cheese - null
[2019-08-20T15:56:08.541] [DEBUG] cheese - null
[2019-08-21T09:40:07.143] [DEBUG] cheese - login => username:admin,password:123456
[2019-08-21T09:40:07.145] [DEBUG] cheese - admin
[2019-08-21T09:40:07.171] [DEBUG] cheese - null
[2019-08-21T09:40:07.172] [DEBUG] cheese - null
[2019-08-21T10:39:41.747] [DEBUG] cheese - login => username:admin,password:123456
[2019-08-21T10:39:41.747] [DEBUG] cheese - admin
[2019-08-21T10:39:41.751] [DEBUG] cheese - null
[2019-08-21T10:39:41.751] [DEBUG] cheese - null
[2019-08-31T09:20:39.218] [DEBUG] cheese - login => username:admin,password:123456
[2019-08-31T09:20:39.221] [DEBUG] cheese - admin
[2019-08-31T09:20:39.244] [DEBUG] cheese - null
[2019-08-31T09:20:39.244] [DEBUG] cheese - null
